<?xml version="1.0" encoding="UTF-8"?>
<testsuite xmlns:xsi="http://www.w3.org/2001/XMLSchema-instance" xsi:noNamespaceSchemaLocation="https://maven.apache.org/surefire/maven-surefire-plugin/xsd/surefire-test-report-3.0.xsd" version="3.0" name="com.example.currency_converter.CurrencyControllerTest" time="3.932" tests="9" errors="0" skipped="0" failures="0">
  <properties>
[...]
</properties>
  <testcase name="testConvertUSDToCZK" classname="com.example.currency_converter.CurrencyControllerTest" time="0.454">
    <system-out><![CDATA[17:34:40.677 [main] INFO org.springframework.test.context.support.AnnotationConfigContextLoaderUtils -- Could not detect default configuration classes for test class [com.example.currency_converter.CurrencyControllerTest]: CurrencyControllerTest does not declare any static, non-private, non-final, nested classes annotated with @Configuration.
17:34:40.781 [main] INFO org.springframework.boot.test.context.SpringBootTestContextBootstrapper -- Found @SpringBootConfiguration com.example.currency_converter.CurrencyConverterApplication for test class com.example.currency_converter.CurrencyControllerTest
17:34:40.924 [main] INFO org.springframework.boot.devtools.restart.RestartApplicationListener -- Restart disabled due to context in which it is running

  .   ____          _            __ _ _
 /\\ / ___'_ __ _ _(_)_ __  __ _ \ \ \ \
( ( )\___ | '_ | '_| | '_ \/ _` | \ \ \ \
 \\/  ___)| |_)| | | | | || (_| |  ) ) ) )
  '  |____| .__|_| |_|_| |_\__, | / / / /
 =========|_|==============|___/=/_/_/_/

 :: Spring Boot ::                (v3.3.4)

2024-09-24T17:34:41.133+02:00  INFO 18636 --- [currency-converter] [           main] c.e.c.CurrencyControllerTest             : Starting CurrencyControllerTest using Java 17.0.11 with PID 18636 (started by ceras in C:\Users\ceras\Desktop\currency-converter)
2024-09-24T17:34:41.134+02:00  INFO 18636 --- [currency-converter] [           main] c.e.c.CurrencyControllerTest             : No active profile set, falling back to 1 default profile: "default"
2024-09-24T17:34:41.602+02:00  INFO 18636 --- [currency-converter] [           main] .s.d.r.c.RepositoryConfigurationDelegate : Bootstrapping Spring Data JPA repositories in DEFAULT mode.
2024-09-24T17:34:41.647+02:00  INFO 18636 --- [currency-converter] [           main] .s.d.r.c.RepositoryConfigurationDelegate : Finished Spring Data repository scanning in 37 ms. Found 1 JPA repository interface.
2024-09-24T17:34:41.954+02:00  INFO 18636 --- [currency-converter] [           main] com.zaxxer.hikari.HikariDataSource       : HikariPool-1 - Starting...
2024-09-24T17:34:42.106+02:00  INFO 18636 --- [currency-converter] [           main] com.zaxxer.hikari.pool.HikariPool        : HikariPool-1 - Added connection conn0: url=jdbc:h2:mem:testdb user=SA
2024-09-24T17:34:42.108+02:00  INFO 18636 --- [currency-converter] [           main] com.zaxxer.hikari.HikariDataSource       : HikariPool-1 - Start completed.
2024-09-24T17:34:42.147+02:00  INFO 18636 --- [currency-converter] [           main] o.hibernate.jpa.internal.util.LogHelper  : HHH000204: Processing PersistenceUnitInfo [name: default]
2024-09-24T17:34:42.194+02:00  INFO 18636 --- [currency-converter] [           main] org.hibernate.Version                    : HHH000412: Hibernate ORM core version 6.5.3.Final
2024-09-24T17:34:42.223+02:00  INFO 18636 --- [currency-converter] [           main] o.h.c.internal.RegionFactoryInitiator    : HHH000026: Second-level cache disabled
2024-09-24T17:34:42.527+02:00  INFO 18636 --- [currency-converter] [           main] o.s.o.j.p.SpringPersistenceUnitInfo      : No LoadTimeWeaver setup: ignoring JPA class transformer
2024-09-24T17:34:42.570+02:00  WARN 18636 --- [currency-converter] [           main] org.hibernate.orm.deprecation            : HHH90000025: H2Dialect does not need to be specified explicitly using 'hibernate.dialect' (remove the property setting and it will be selected by default)
2024-09-24T17:34:43.192+02:00  INFO 18636 --- [currency-converter] [           main] o.h.e.t.j.p.i.JtaPlatformInitiator       : HHH000489: No JTA platform available (set 'hibernate.transaction.jta.platform' to enable JTA platform integration)
2024-09-24T17:34:43.220+02:00  INFO 18636 --- [currency-converter] [           main] j.LocalContainerEntityManagerFactoryBean : Initialized JPA EntityManagerFactory for persistence unit 'default'
2024-09-24T17:34:43.478+02:00  WARN 18636 --- [currency-converter] [           main] JpaBaseConfiguration$JpaWebConfiguration : spring.jpa.open-in-view is enabled by default. Therefore, database queries may be performed during view rendering. Explicitly configure spring.jpa.open-in-view to disable this warning
2024-09-24T17:34:43.706+02:00  INFO 18636 --- [currency-converter] [           main] o.s.b.a.h2.H2ConsoleAutoConfiguration    : H2 console available at '/h2-console'. Database available at 'jdbc:h2:mem:testdb'
2024-09-24T17:34:43.741+02:00  INFO 18636 --- [currency-converter] [           main] o.s.b.t.m.w.SpringBootMockServletContext : Initializing Spring TestDispatcherServlet ''
2024-09-24T17:34:43.741+02:00  INFO 18636 --- [currency-converter] [           main] o.s.t.web.servlet.TestDispatcherServlet  : Initializing Servlet ''
2024-09-24T17:34:43.742+02:00  INFO 18636 --- [currency-converter] [           main] o.s.t.web.servlet.TestDispatcherServlet  : Completed initialization in 1 ms
2024-09-24T17:34:43.762+02:00  INFO 18636 --- [currency-converter] [           main] c.e.c.CurrencyControllerTest             : Started CurrencyControllerTest in 2.849 seconds (process running for 3.666)
]]></system-out>
  </testcase>
  <testcase name="testConvertEURToJPY" classname="com.example.currency_converter.CurrencyControllerTest" time="0.005"/>
  <testcase name="testConvertCurrencyWithZeroRate" classname="com.example.currency_converter.CurrencyControllerTest" time="0.017"/>
  <testcase name="testFindCurrencyByCode" classname="com.example.currency_converter.CurrencyControllerTest" time="0.006"/>
  <testcase name="testConvertLargeAmount" classname="com.example.currency_converter.CurrencyControllerTest" time="0.005"/>
  <testcase name="testFindAllCurrencies" classname="com.example.currency_converter.CurrencyControllerTest" time="0.076"/>
  <testcase name="testConvertInvalidCurrency" classname="com.example.currency_converter.CurrencyControllerTest" time="0.004"/>
  <testcase name="testGetAllCurrencies" classname="com.example.currency_converter.CurrencyControllerTest" time="0.019"/>
  <testcase name="testConvertZeroAmount" classname="com.example.currency_converter.CurrencyControllerTest" time="0.004"/>
</testsuite>