<?xml version="1.0" encoding="UTF-8"?>
<testsuite xmlns:xsi="http://www.w3.org/2001/XMLSchema-instance" xsi:noNamespaceSchemaLocation="https://maven.apache.org/surefire/maven-surefire-plugin/xsd/surefire-test-report-3.0.xsd" version="3.0" name="com.example.currency_converter.CurrencyConverterApplicationTests" time="0.371" tests="1" errors="0" skipped="0" failures="0">
  <properties>
[...]
</properties>
  <testcase name="contextLoads" classname="com.example.currency_converter.CurrencyConverterApplicationTests" time="0.002">
    <system-out><![CDATA[2024-09-24T17:34:44.479+02:00  INFO 18636 --- [currency-converter] [           main] t.c.s.AnnotationConfigContextLoaderUtils : Could not detect default configuration classes for test class [com.example.currency_converter.CurrencyConverterApplicationTests]: CurrencyConverterApplicationTests does not declare any static, non-private, non-final, nested classes annotated with @Configuration.
2024-09-24T17:34:44.488+02:00  INFO 18636 --- [currency-converter] [           main] .b.t.c.SpringBootTestContextBootstrapper : Found @SpringBootConfiguration com.example.currency_converter.CurrencyConverterApplication for test class com.example.currency_converter.CurrencyConverterApplicationTests
2024-09-24T17:34:44.493+02:00  INFO 18636 --- [currency-converter] [           main] o.s.b.d.r.RestartApplicationListener     : Restart disabled due to context in which it is running

  .   ____          _            __ _ _
 /\\ / ___'_ __ _ _(_)_ __  __ _ \ \ \ \
( ( )\___ | '_ | '_| | '_ \/ _` | \ \ \ \
 \\/  ___)| |_)| | | | | || (_| |  ) ) ) )
  '  |____| .__|_| |_|_| |_\__, | / / / /
 =========|_|==============|___/=/_/_/_/

 :: Spring Boot ::                (v3.3.4)

2024-09-24T17:34:44.512+02:00  INFO 18636 --- [currency-converter] [           main] c.e.c.CurrencyConverterApplicationTests  : Starting CurrencyConverterApplicationTests using Java 17.0.11 with PID 18636 (started by ceras in C:\Users\ceras\Desktop\currency-converter)
2024-09-24T17:34:44.512+02:00  INFO 18636 --- [currency-converter] [           main] c.e.c.CurrencyConverterApplicationTests  : No active profile set, falling back to 1 default profile: "default"
2024-09-24T17:34:44.619+02:00  INFO 18636 --- [currency-converter] [           main] .s.d.r.c.RepositoryConfigurationDelegate : Bootstrapping Spring Data JPA repositories in DEFAULT mode.
2024-09-24T17:34:44.625+02:00  INFO 18636 --- [currency-converter] [           main] .s.d.r.c.RepositoryConfigurationDelegate : Finished Spring Data repository scanning in 5 ms. Found 1 JPA repository interface.
2024-09-24T17:34:44.671+02:00  INFO 18636 --- [currency-converter] [           main] com.zaxxer.hikari.HikariDataSource       : HikariPool-2 - Starting...
2024-09-24T17:34:44.672+02:00  INFO 18636 --- [currency-converter] [           main] com.zaxxer.hikari.pool.HikariPool        : HikariPool-2 - Added connection conn10: url=jdbc:h2:mem:testdb user=SA
2024-09-24T17:34:44.672+02:00  INFO 18636 --- [currency-converter] [           main] com.zaxxer.hikari.HikariDataSource       : HikariPool-2 - Start completed.
2024-09-24T17:34:44.673+02:00  INFO 18636 --- [currency-converter] [           main] o.hibernate.jpa.internal.util.LogHelper  : HHH000204: Processing PersistenceUnitInfo [name: default]
2024-09-24T17:34:44.676+02:00  INFO 18636 --- [currency-converter] [           main] o.h.c.internal.RegionFactoryInitiator    : HHH000026: Second-level cache disabled
2024-09-24T17:34:44.686+02:00  INFO 18636 --- [currency-converter] [           main] o.s.o.j.p.SpringPersistenceUnitInfo      : No LoadTimeWeaver setup: ignoring JPA class transformer
2024-09-24T17:34:44.687+02:00  WARN 18636 --- [currency-converter] [           main] org.hibernate.orm.deprecation            : HHH90000025: H2Dialect does not need to be specified explicitly using 'hibernate.dialect' (remove the property setting and it will be selected by default)
2024-09-24T17:34:44.714+02:00  INFO 18636 --- [currency-converter] [           main] o.h.e.t.j.p.i.JtaPlatformInitiator       : HHH000489: No JTA platform available (set 'hibernate.transaction.jta.platform' to enable JTA platform integration)
2024-09-24T17:34:44.716+02:00  INFO 18636 --- [currency-converter] [           main] j.LocalContainerEntityManagerFactoryBean : Initialized JPA EntityManagerFactory for persistence unit 'default'
2024-09-24T17:34:44.757+02:00  WARN 18636 --- [currency-converter] [           main] JpaBaseConfiguration$JpaWebConfiguration : spring.jpa.open-in-view is enabled by default. Therefore, database queries may be performed during view rendering. Explicitly configure spring.jpa.open-in-view to disable this warning
2024-09-24T17:34:44.817+02:00  INFO 18636 --- [currency-converter] [           main] o.s.b.a.h2.H2ConsoleAutoConfiguration    : H2 console available at '/h2-console'. Database available at 'jdbc:h2:mem:testdb'
2024-09-24T17:34:44.830+02:00  INFO 18636 --- [currency-converter] [           main] c.e.c.CurrencyConverterApplicationTests  : Started CurrencyConverterApplicationTests in 0.338 seconds (process running for 4.735)
]]></system-out>
  </testcase>
</testsuite>